2024-11-11T13:01:26.908Z|0x3da0|Using pre-set license
2024-11-11T13:01:26.909Z|0x3da0|Built from '2022.3/staging' branch; Version is '2022.3.50f1 (c3db7f8bf9b1) revision 12835711'; Using compiler version '192829333'; Build Type 'Release'
2024-11-11T13:01:26.909Z|0x3da0|OS: 'Windows 11  (10.0.22631) 64bit CoreSingleLanguage' Language: 'en' Physical Memory: 16068 MB
2024-11-11T13:01:26.909Z|0x3da0|BatchMode: 1, IsHumanControllingUs: 0, StartBugReporterOnCrash: 0, Is64bit: 1, IsPro: 1
2024-11-11T13:01:26.912Z|0x3da0|
COMMAND LINE ARGUMENTS:
2024-11-11T13:01:26.912Z|0x3da0|C:\Program Files\Unity\Hub\Editor\2022.3.50f1\Editor\Unity.exe
2024-11-11T13:01:26.913Z|0x3da0|-adb2
2024-11-11T13:01:26.913Z|0x3da0|-batchMode
2024-11-11T13:01:26.913Z|0x3da0|-noUpm
2024-11-11T13:01:26.913Z|0x3da0|-name
2024-11-11T13:01:26.913Z|0x3da0|AssetImportWorker1
2024-11-11T13:01:26.913Z|0x3da0|-projectPath
2024-11-11T13:01:26.913Z|0x3da0|C:/Users/abc4d/Documents/MyDreamgame/Full StackLearning/Velocity-Rally-Multiplayer/Velocity Racer
2024-11-11T13:01:26.913Z|0x3da0|-logFile
2024-11-11T13:01:26.913Z|0x3da0|Logs/AssetImportWorker1.log
2024-11-11T13:01:26.913Z|0x3da0|-srvPort
2024-11-11T13:01:26.913Z|0x3da0|55690
2024-11-11T13:01:26.913Z|0x3da0|Successfully changed project path to: C:/Users/abc4d/Documents/MyDreamgame/Full StackLearning/Velocity-Rally-Multiplayer/Velocity Racer
2024-11-11T13:01:26.921Z|0x3da0|C:/Users/abc4d/Documents/MyDreamgame/Full StackLearning/Velocity-Rally-Multiplayer/Velocity Racer
2024-11-11T13:01:26.922Z|0x3da0|[UnityMemory] Configuration Parameters - Can be set up in boot.config
2024-11-11T13:01:26.922Z|0x3da0|    "memorysetup-bucket-allocator-granularity=16"
2024-11-11T13:01:26.922Z|0x3da0|    "memorysetup-bucket-allocator-bucket-count=8"
2024-11-11T13:01:26.922Z|0x3da0|    "memorysetup-bucket-allocator-block-size=33554432"
2024-11-11T13:01:26.922Z|0x3da0|    "memorysetup-bucket-allocator-block-count=8"
2024-11-11T13:01:26.922Z|0x3da0|    "memorysetup-main-allocator-block-size=16777216"
2024-11-11T13:01:26.922Z|0x3da0|    "memorysetup-thread-allocator-block-size=16777216"
2024-11-11T13:01:26.922Z|0x3da0|    "memorysetup-gfx-main-allocator-block-size=16777216"
2024-11-11T13:01:26.922Z|0x3da0|    "memorysetup-gfx-thread-allocator-block-size=16777216"
2024-11-11T13:01:26.922Z|0x3da0|    "memorysetup-cache-allocator-block-size=4194304"
2024-11-11T13:01:26.922Z|0x3da0|    "memorysetup-typetree-allocator-block-size=2097152"
2024-11-11T13:01:26.922Z|0x3da0|    "memorysetup-profiler-bucket-allocator-granularity=16"
2024-11-11T13:01:26.922Z|0x3da0|    "memorysetup-profiler-bucket-allocator-bucket-count=8"
2024-11-11T13:01:26.922Z|0x3da0|    "memorysetup-profiler-bucket-allocator-block-size=33554432"
2024-11-11T13:01:26.922Z|0x3da0|    "memorysetup-profiler-bucket-allocator-block-count=8"
2024-11-11T13:01:26.922Z|0x3da0|    "memorysetup-profiler-allocator-block-size=16777216"
2024-11-11T13:01:26.922Z|0x3da0|    "memorysetup-profiler-editor-allocator-block-size=1048576"
2024-11-11T13:01:26.922Z|0x3da0|    "memorysetup-temp-allocator-size-main=16777216"
2024-11-11T13:01:26.922Z|0x3da0|    "memorysetup-job-temp-allocator-block-size=2097152"
2024-11-11T13:01:26.922Z|0x3da0|    "memorysetup-job-temp-allocator-block-size-background=1048576"
2024-11-11T13:01:26.922Z|0x3da0|    "memorysetup-job-temp-allocator-reduction-small-platforms=262144"
2024-11-11T13:01:26.922Z|0x3da0|    "memorysetup-allocator-temp-initial-block-size-main=262144"
2024-11-11T13:01:26.922Z|0x3da0|    "memorysetup-allocator-temp-initial-block-size-worker=262144"
2024-11-11T13:01:26.922Z|0x3da0|    "memorysetup-temp-allocator-size-background-worker=32768"
2024-11-11T13:01:26.922Z|0x3da0|    "memorysetup-temp-allocator-size-job-worker=262144"
2024-11-11T13:01:26.922Z|0x3da0|    "memorysetup-temp-allocator-size-preload-manager=33554432"
2024-11-11T13:01:26.922Z|0x3da0|    "memorysetup-temp-allocator-size-nav-mesh-worker=65536"
2024-11-11T13:01:26.922Z|0x3da0|    "memorysetup-temp-allocator-size-audio-worker=65536"
2024-11-11T13:01:26.922Z|0x3da0|    "memorysetup-temp-allocator-size-cloud-worker=32768"
2024-11-11T13:01:26.922Z|0x3da0|    "memorysetup-temp-allocator-size-gi-baking-worker=262144"
2024-11-11T13:01:26.922Z|0x3da0|    "memorysetup-temp-allocator-size-gfx=262144"
2024-11-11T13:01:26.931Z|0x3da0|Player connection [15776]  Target information:

2024-11-11T13:01:26.931Z|0x3da0|Player connection [15776]  * "[IP] 192.168.29.147 [Port] 0 [Flags] 2 [Guid] 4198573010 [EditorId] 4198573010 [Version] 1048832 [Id] WindowsEditor(7,Abhi) [Debug] 1 [PackageName] WindowsEditor [ProjectName] Editor" 

2024-11-11T13:01:26.932Z|0x3da0|Player connection [15776] Host joined multi-casting on [225.0.0.222:54997]...
2024-11-11T13:01:26.933Z|0x3da0|Player connection [15776] Host joined alternative multi-casting on [225.0.0.222:34997]...
2024-11-11T13:01:26.956Z|0x3da0|[PhysX] Initialized MultithreadedTaskDispatcher with 20 workers.
2024-11-11T13:01:27.127Z|0x3da0|Refreshing native plugins compatible for Editor in 62.30 ms, found 13 plugins.
2024-11-11T13:01:27.127Z|0x3da0|Preloading 0 native plugins for Editor in 0.00 ms.
2024-11-11T13:01:27.127Z|0x3da0|Initialize engine version: 2022.3.50f1 (c3db7f8bf9b1)
2024-11-11T13:01:27.127Z|0x3da0|[Subsystems] Discovering subsystems at path C:/Program Files/Unity/Hub/Editor/2022.3.50f1/Editor/Data/Resources/UnitySubsystems
2024-11-11T13:01:27.127Z|0x3da0|[Subsystems] Discovering subsystems at path C:/Users/abc4d/Documents/MyDreamgame/Full StackLearning/Velocity-Rally-Multiplayer/Velocity Racer/Assets
2024-11-11T13:01:27.128Z|0x3da0|GfxDevice: creating device client; threaded=0; jobified=0
2024-11-11T13:01:27.297Z|0x3da0|Direct3D:
2024-11-11T13:01:27.297Z|0x3da0|    Version:  Direct3D 11.0 [level 11.1]
2024-11-11T13:01:27.297Z|0x3da0|    Renderer: NVIDIA GeForce RTX 3060 Laptop GPU (ID=0x2560)
2024-11-11T13:01:27.297Z|0x3da0|    Vendor:   NVIDIA
2024-11-11T13:01:27.297Z|0x3da0|    VRAM:     5996 MB
2024-11-11T13:01:27.297Z|0x3da0|    Driver:   32.0.15.6603
2024-11-11T13:01:27.551Z|0x3da0|Initialize mono
2024-11-11T13:01:27.551Z|0x3da0|Mono path[0] = 'C:/Program Files/Unity/Hub/Editor/2022.3.50f1/Editor/Data/Managed'
2024-11-11T13:01:27.551Z|0x3da0|Mono path[1] = 'C:/Program Files/Unity/Hub/Editor/2022.3.50f1/Editor/Data/MonoBleedingEdge/lib/mono/unityjit-win32'
2024-11-11T13:01:27.551Z|0x3da0|Mono config path = 'C:/Program Files/Unity/Hub/Editor/2022.3.50f1/Editor/Data/MonoBleedingEdge/etc'
2024-11-11T13:01:27.551Z|0x3da0|Using monoOptions --debugger-agent=transport=dt_socket,embedding=1,server=y,suspend=n,address=127.0.0.1:56340
2024-11-11T13:01:27.627Z|0x3da0|Begin MonoManager ReloadAssembly
2024-11-11T13:01:27.867Z|0x3da0|Registering precompiled unity dll's ...
2024-11-11T13:01:27.870Z|0x3da0|Register platform support module: C:/Program Files/Unity/Hub/Editor/2022.3.50f1/Editor/Data/PlaybackEngines/AndroidPlayer/UnityEditor.Android.Extensions.dll
2024-11-11T13:01:27.872Z|0x3da0|Register platform support module: C:/Program Files/Unity/Hub/Editor/2022.3.50f1/Editor/Data/PlaybackEngines/iOSSupport/UnityEditor.iOS.Extensions.dll
2024-11-11T13:01:27.874Z|0x3da0|Register platform support module: C:/Program Files/Unity/Hub/Editor/2022.3.50f1/Editor/Data/PlaybackEngines/WindowsStandaloneSupport/UnityEditor.WindowsStandalone.Extensions.dll
2024-11-11T13:01:27.877Z|0x3da0|Registered in 0.009495 seconds.
2024-11-11T13:01:28.089Z|0x3da0|- Loaded All Assemblies, in  0.462 seconds
2024-11-11T13:01:28.129Z|0x3da0|Native extension for WindowsStandalone target not found
[usbmuxd] Start listen thread
[usbmuxd] Listen thread started
2024-11-11T13:01:28.131Z|0x3da0|Native extension for iOS target not found
2024-11-11T13:01:28.140Z|0x3da0|Native extension for Android target not found
2024-11-11T13:01:28.488Z|0x3da0|Android Extension - Scanning For ADB Devices 298 ms2024-11-11T13:01:28.488Z|0x3da0|
2024-11-11T13:01:28.652Z|0x3da0|Mono: successfully reloaded assembly
2024-11-11T13:01:28.665Z|0x3da0|- Finished resetting the current domain, in  0.577 seconds
2024-11-11T13:01:28.666Z|0x3da0|Domain Reload Profiling: 1037ms
	BeginReloadAssembly (175ms)
		ExecutionOrderSort (0ms)
		DisableScriptedObjects (0ms)
		BackupInstance (0ms)
		ReleaseScriptingObjects (0ms)
		CreateAndSetChildDomain (2ms)
	RebuildCommonClasses (36ms)
	RebuildNativeTypeToScriptingClass (10ms)
	initialDomainReloadingComplete (60ms)
	LoadAllAssembliesAndSetupDomain (179ms)
		LoadAssemblies (173ms)
		RebuildTransferFunctionScriptingTraits (0ms)
		AnalyzeDomain (174ms)
			TypeCache.Refresh (173ms)
				TypeCache.ScanAssembly (160ms)
			ScanForSourceGeneratedMonoScriptInfo (0ms)
			ResolveRequiredComponents (0ms)
	FinalizeReload (577ms)
		ReleaseScriptCaches (0ms)
		RebuildScriptCaches (0ms)
		SetupLoadedEditorAssemblies (538ms)
			LogAssemblyErrors (0ms)
			InitializePlatformSupportModulesInManaged (375ms)
			SetLoadedEditorAssemblies (3ms)
			RefreshPlugins (0ms)
			BeforeProcessingInitializeOnLoad (2ms)
			ProcessInitializeOnLoadAttributes (115ms)
			ProcessInitializeOnLoadMethodAttributes (44ms)
			AfterProcessingInitializeOnLoad (0ms)
			EditorAssembliesLoaded (0ms)
		ExecutionOrderSort2 (0ms)
		AwakeInstancesAfterBackupRestoration (0ms)
2024-11-11T13:01:28.945Z|0x3da0|========================================================================
2024-11-11T13:01:28.945Z|0x3da0|Worker process is ready to serve import requests
2024-11-11T13:01:31.156Z|0x3da0|Caller must complete domain reload
2024-11-11T13:01:31.230Z|0x3da0|Begin MonoManager ReloadAssembly
Symbol file LoadedFromMemory is not a mono symbol file
2024-11-11T13:01:32.360Z|0x3da0|- Loaded All Assemblies, in  1.129 seconds
2024-11-11T13:01:32.513Z|0x3da0|Native extension for WindowsStandalone target not found
2024-11-11T13:01:32.516Z|0x3da0|Native extension for iOS target not found
2024-11-11T13:01:32.526Z|0x3da0|Native extension for Android target not found
2024-11-11T13:01:32.806Z|0x3da0|GPGSUpgrader start
UnityEngine.StackTraceUtility:ExtractStackTrace ()
UnityEngine.DebugLogHandler:LogFormat (UnityEngine.LogType,UnityEngine.Object,string,object[])
UnityEngine.Logger:Log (UnityEngine.LogType,object)
UnityEngine.Debug:Log (object)
GooglePlayGames.Editor.GPGSUpgrader:.cctor () (at Assets/GooglePlayGames/com.google.play.games/Editor/GPGSUpgrader.cs:38)
System.Runtime.CompilerServices.RuntimeHelpers:RunClassConstructor (System.RuntimeTypeHandle)
UnityEditor.EditorAssemblies:ProcessInitializeOnLoadAttributes (System.Type[])

(Filename: Assets/GooglePlayGames/com.google.play.games/Editor/GPGSUpgrader.cs Line: 38)

2024-11-11T13:01:32.870Z|0x3da0|GPGSUpgrader done
UnityEngine.StackTraceUtility:ExtractStackTrace ()
UnityEngine.DebugLogHandler:LogFormat (UnityEngine.LogType,UnityEngine.Object,string,object[])
UnityEngine.Logger:Log (UnityEngine.LogType,object)
UnityEngine.Debug:Log (object)
GooglePlayGames.Editor.GPGSUpgrader:.cctor () (at Assets/GooglePlayGames/com.google.play.games/Editor/GPGSUpgrader.cs:57)
System.Runtime.CompilerServices.RuntimeHelpers:RunClassConstructor (System.RuntimeTypeHandle)
UnityEditor.EditorAssemblies:ProcessInitializeOnLoadAttributes (System.Type[])

(Filename: Assets/GooglePlayGames/com.google.play.games/Editor/GPGSUpgrader.cs Line: 57)

2024-11-11T13:01:33.040Z|0x3da0|Package Manager log level set to [2]
2024-11-11T13:01:33.040Z|0x3da0|[Package Manager] Server::EnsureServerProcessIsRunning -- launch failed, reason: Unity was launched with the -noUpm command-line argument
2024-11-11T13:01:33.040Z|0x3da0|[Package Manager] UpmClient::Send -- Unable to send message (not connected to UPM process).
2024-11-11T13:01:33.040Z|0x3da0|[Package Manager] Cannot connect to Unity Package Manager local server
2024-11-11T13:01:33.106Z|0x3da0|Unable to write to 'ProjectSettings\GvhProjectSettings.xml' (System.IO.IOException: Sharing violation on path C:\Users\abc4d\Documents\MyDreamgame\Full StackLearning\Velocity-Rally-Multiplayer\Velocity Racer\ProjectSettings\GvhProjectSettings.xml
  at System.IO.FileStream..ctor (System.String path, System.IO.FileMode mode, System.IO.FileAccess access, System.IO.FileShare share, System.Int32 bufferSize, System.Boolean anonymous, System.IO.FileOptions options) [0x0019e] in <31687ccd371e4dc6b0c23a1317cf9474>:0 
  at System.IO.FileStream..ctor (System.String path, System.IO.FileMode mode, System.IO.FileAccess access, System.IO.FileShare share, System.Int32 bufferSize, System.IO.FileOptions options) [0x00000] in <31687ccd371e4dc6b0c23a1317cf9474>:0 
  at System.IO.FileStream..ctor (System.String path, System.IO.FileMode mode, System.IO.FileAccess access, System.IO.FileShare share, System.Int32 bufferSize, System.Boolean useAsync) [0x00000] in <31687ccd371e4dc6b0c23a1317cf9474>:0 
  at (wrapper remoting-invoke-with-check) System.IO.FileStream..ctor(string,System.IO.FileMode,System.IO.FileAccess,System.IO.FileShare,int,bool)
  at System.Xml.XmlWriterSettings.CreateWriter (System.String outputFileName) [0x00051] in <1836822799a24a469c463fe5c9e7387a>:0 
  at System.Xml.XmlWriter.Create (System.String outputFileName, System.Xml.XmlWriterSettings settings) [0x0000a] in <1836822799a24a469c463fe5c9e7387a>:0 
  at Google.ProjectSettings.Save () [0x000b7] in <c98e3694640749789660e5c01aaeeab6>:0 , Project settings were not saved!
UnityEngine.StackTraceUtility:ExtractStackTrace ()
UnityEngine.DebugLogHandler:LogFormat (UnityEngine.LogType,UnityEngine.Object,string,object[])
UnityEngine.Logger:Log (UnityEngine.LogType,object)
UnityEngine.Debug:LogError (object)
Google.Logger:Log (string,Google.LogLevel)
Google.ProjectSettings:Save ()
Google.ProjectSettings:SetBool (string,bool,Google.SettingsLocation)
Google.ProjectSettings:SetBool (string,bool)
Google.IOSResolver:set_VerboseLoggingEnabled (bool)
Google.IOSResolver:.cctor ()
System.Runtime.CompilerServices.RuntimeHelpers:RunClassConstructor (System.RuntimeTypeHandle)
UnityEditor.EditorAssemblies:ProcessInitializeOnLoadAttributes (System.Type[])

2024-11-11T13:01:33.290Z|0x3da0|Mono: successfully reloaded assembly
2024-11-11T13:01:33.304Z|0x3da0|- Finished resetting the current domain, in  0.942 seconds
2024-11-11T13:01:33.304Z|0x3da0|Domain Reload Profiling: 2066ms
	BeginReloadAssembly (159ms)
		ExecutionOrderSort (0ms)
		DisableScriptedObjects (5ms)
		BackupInstance (0ms)
		ReleaseScriptingObjects (0ms)
		CreateAndSetChildDomain (20ms)
	RebuildCommonClasses (31ms)
	RebuildNativeTypeToScriptingClass (9ms)
	initialDomainReloadingComplete (54ms)
	LoadAllAssembliesAndSetupDomain (870ms)
		LoadAssemblies (700ms)
		RebuildTransferFunctionScriptingTraits (0ms)
		AnalyzeDomain (266ms)
			TypeCache.Refresh (212ms)
				TypeCache.ScanAssembly (189ms)
			ScanForSourceGeneratedMonoScriptInfo (37ms)
			ResolveRequiredComponents (14ms)
	FinalizeReload (943ms)
		ReleaseScriptCaches (0ms)
		RebuildScriptCaches (0ms)
		SetupLoadedEditorAssemblies (785ms)
			LogAssemblyErrors (0ms)
			InitializePlatformSupportModulesInManaged (28ms)
			SetLoadedEditorAssemblies (4ms)
			RefreshPlugins (0ms)
			BeforeProcessingInitializeOnLoad (97ms)
			ProcessInitializeOnLoadAttributes (478ms)
			ProcessInitializeOnLoadMethodAttributes (172ms)
			AfterProcessingInitializeOnLoad (7ms)
			EditorAssembliesLoaded (0ms)
		ExecutionOrderSort2 (0ms)
		AwakeInstancesAfterBackupRestoration (5ms)
2024-11-11T13:01:33.630Z|0x3da0|Launched and connected shader compiler UnityShaderCompiler.exe after 0.04 seconds
2024-11-11T13:01:33.809Z|0x3da0|Refreshing native plugins compatible for Editor in 44.58 ms, found 13 plugins.
2024-11-11T13:01:33.809Z|0x3da0|Preloading 0 native plugins for Editor in 0.00 ms.
2024-11-11T13:01:33.850Z|0x1a68|Unloading 9194 Unused Serialized files (Serialized files now loaded: 0)
2024-11-11T13:01:33.857Z|0x3da0|Unloading 60 unused Assets / (469.4 KB). Loaded Objects now: 9698.
Memory consumption went from 298.1 MB to 297.6 MB.
2024-11-11T13:01:33.857Z|0x3da0|Total: 6.764600 ms (FindLiveObjects: 0.510400 ms CreateObjectMapping: 0.374900 ms MarkObjects: 5.621800 ms  DeleteObjects: 0.256400 ms)

2024-11-11T13:01:33.860Z|0x3da0|AssetImportParameters requested are different than current active one (requested -> active):
2024-11-11T13:01:33.860Z|0x3da0|  custom:container-demuxer-ogg: 62fdf1f143b41e24485cea50d1cbac27 -> 
2024-11-11T13:01:33.860Z|0x3da0|  custom:framework-win-MediaFoundation: 216162199b28c13a410421893ffa2e32 -> 
2024-11-11T13:01:33.860Z|0x3da0|  custom:container-muxer-webm: aa71ff27fc2769a1b78a27578f13a17b -> 
2024-11-11T13:01:33.860Z|0x3da0|  custom:video-decoder-webm-vp8: 9c59270c3fd7afecdb556c50c9e8de78 -> 
2024-11-11T13:01:33.860Z|0x3da0|  custom:SearchIndexIgnoredProperties: e643bd26f0fe6173181afceb89e7c659 -> 
2024-11-11T13:01:33.860Z|0x3da0|  custom:AudioImporter_EditorPlatform: d09bf68614088b80899f8185d706f6e7 -> 
2024-11-11T13:01:33.860Z|0x3da0|  custom:audio-decoder-ogg-vorbis: bf7c407c2cedff20999df2af8eb42d56 -> 
2024-11-11T13:01:33.860Z|0x3da0|  custom:audio-encoder-webm-vorbis: bf7c407c2cedff20999df2af8eb42d56 -> 
2024-11-11T13:01:33.860Z|0x3da0|  custom:video-codec-MediaFoundation-h265: 746d11721c4dcdbdad8f713fa42b33f4 -> 
2024-11-11T13:01:33.860Z|0x3da0|  custom:video-decoder-ogg-theora: a1e56fd34408186e4bbccfd4996cb3dc -> 
2024-11-11T13:01:33.860Z|0x3da0|  custom:CustomObjectIndexerAttribute: 72b91833f83ae208fae7752999fa3104 -> 
2024-11-11T13:01:33.860Z|0x3da0|  custom:container-demuxer-webm: 4f35f7cbe854078d1ac9338744f61a02 -> 
2024-11-11T13:01:33.860Z|0x3da0|  custom:video-encoder-webm-vp8: eb34c28f22e8b96e1ab97ce403110664 -> 
2024-11-11T13:01:33.861Z|0x3da0|========================================================================
Received Import Request.
  Time since last request: 16161.934114 seconds.
  path: Assets/_Assets/_Scriptable Objects/Game Data.asset
  artifactKey: Guid(4665bd71186e05d42bc2857f066f9169) Importer(815301076,1909f56bfc062723c751e8b465ee728b)
2024-11-11T13:01:33.872Z|0x3da0|Start importing Assets/_Assets/_Scriptable Objects/Game Data.asset using Guid(4665bd71186e05d42bc2857f066f9169) Importer(815301076,1909f56bfc062723c751e8b465ee728b) 2024-11-11T13:01:33.873Z|0x3da0|[PhysX] Initialized MultithreadedTaskDispatcher with 20 workers.
2024-11-11T13:01:34.281Z|0x3da0| -> (artifact id: 'e8759e3d01ad1eaabb45c98d9f8866c2') in 0.409998 seconds
2024-11-11T13:01:34.288Z|0x3da0|Number of updated asset objects reloaded before import = 0
Number of asset objects unloaded after import = 3239
2024-11-11T13:02:20.707Z|0x3da0|========================================================================
2024-11-11T13:02:20.707Z|0x3da0|Received Prepare
2024-11-11T13:02:21.013Z|0x3da0|Caller must complete domain reload
2024-11-11T13:02:21.081Z|0x3da0|Begin MonoManager ReloadAssembly
Symbol file LoadedFromMemory is not a mono symbol file
2024-11-11T13:02:21.635Z|0x3da0|- Loaded All Assemblies, in  0.554 seconds
2024-11-11T13:02:22.297Z|0x3da0|Native extension for WindowsStandalone target not found
2024-11-11T13:02:22.302Z|0x3da0|Native extension for iOS target not found
2024-11-11T13:02:22.311Z|0x3da0|Native extension for Android target not found
2024-11-11T13:02:22.571Z|0x3da0|GPGSUpgrader start
UnityEngine.StackTraceUtility:ExtractStackTrace ()
UnityEngine.DebugLogHandler:LogFormat (UnityEngine.LogType,UnityEngine.Object,string,object[])
UnityEngine.Logger:Log (UnityEngine.LogType,object)
UnityEngine.Debug:Log (object)
GooglePlayGames.Editor.GPGSUpgrader:.cctor () (at Assets/GooglePlayGames/com.google.play.games/Editor/GPGSUpgrader.cs:38)
System.Runtime.CompilerServices.RuntimeHelpers:RunClassConstructor (System.RuntimeTypeHandle)
UnityEditor.EditorAssemblies:ProcessInitializeOnLoadAttributes (System.Type[])

(Filename: Assets/GooglePlayGames/com.google.play.games/Editor/GPGSUpgrader.cs Line: 38)

2024-11-11T13:02:22.665Z|0x3da0|GPGSUpgrader done
UnityEngine.StackTraceUtility:ExtractStackTrace ()
UnityEngine.DebugLogHandler:LogFormat (UnityEngine.LogType,UnityEngine.Object,string,object[])
UnityEngine.Logger:Log (UnityEngine.LogType,object)
UnityEngine.Debug:Log (object)
GooglePlayGames.Editor.GPGSUpgrader:.cctor () (at Assets/GooglePlayGames/com.google.play.games/Editor/GPGSUpgrader.cs:57)
System.Runtime.CompilerServices.RuntimeHelpers:RunClassConstructor (System.RuntimeTypeHandle)
UnityEditor.EditorAssemblies:ProcessInitializeOnLoadAttributes (System.Type[])

(Filename: Assets/GooglePlayGames/com.google.play.games/Editor/GPGSUpgrader.cs Line: 57)

2024-11-11T13:02:22.756Z|0x3da0|[Package Manager] Server::EnsureServerProcessIsRunning -- launch failed, reason: Unity was launched with the -noUpm command-line argument
2024-11-11T13:02:22.756Z|0x3da0|[Package Manager] UpmClient::Send -- Unable to send message (not connected to UPM process).
2024-11-11T13:02:22.756Z|0x3da0|[Package Manager] Cannot connect to Unity Package Manager local server
2024-11-11T13:02:23.011Z|0x3da0|Mono: successfully reloaded assembly
2024-11-11T13:02:23.024Z|0x3da0|- Finished resetting the current domain, in  1.389 seconds
2024-11-11T13:02:23.024Z|0x3da0|Domain Reload Profiling: 1936ms
	BeginReloadAssembly (141ms)
		ExecutionOrderSort (0ms)
		DisableScriptedObjects (3ms)
		BackupInstance (0ms)
		ReleaseScriptingObjects (0ms)
		CreateAndSetChildDomain (41ms)
	RebuildCommonClasses (26ms)
	RebuildNativeTypeToScriptingClass (9ms)
	initialDomainReloadingComplete (34ms)
	LoadAllAssembliesAndSetupDomain (336ms)
		LoadAssemblies (382ms)
		RebuildTransferFunctionScriptingTraits (0ms)
		AnalyzeDomain (23ms)
			TypeCache.Refresh (7ms)
				TypeCache.ScanAssembly (0ms)
			ScanForSourceGeneratedMonoScriptInfo (0ms)
			ResolveRequiredComponents (14ms)
	FinalizeReload (1390ms)
		ReleaseScriptCaches (0ms)
		RebuildScriptCaches (0ms)
		SetupLoadedEditorAssemblies (718ms)
			LogAssemblyErrors (0ms)
			InitializePlatformSupportModulesInManaged (27ms)
			SetLoadedEditorAssemblies (3ms)
			RefreshPlugins (0ms)
			BeforeProcessingInitializeOnLoad (93ms)
			ProcessInitializeOnLoadAttributes (411ms)
			ProcessInitializeOnLoadMethodAttributes (177ms)
			AfterProcessingInitializeOnLoad (6ms)
			EditorAssembliesLoaded (1ms)
		ExecutionOrderSort2 (0ms)
		AwakeInstancesAfterBackupRestoration (7ms)
2024-11-11T13:02:24.291Z|0x3da0|Refreshing native plugins compatible for Editor in 34.72 ms, found 13 plugins.
2024-11-11T13:02:24.291Z|0x3da0|Preloading 0 native plugins for Editor in 0.00 ms.
2024-11-11T13:02:24.337Z|0x6f50|Unloading 9032 Unused Serialized files (Serialized files now loaded: 0)
2024-11-11T13:02:24.344Z|0x3da0|Unloading 42 unused Assets / (439.8 KB). Loaded Objects now: 9717.
Memory consumption went from 270.0 MB to 269.6 MB.
2024-11-11T13:02:24.344Z|0x3da0|Total: 6.841500 ms (FindLiveObjects: 0.526500 ms CreateObjectMapping: 0.352200 ms MarkObjects: 5.831100 ms  DeleteObjects: 0.130300 ms)

2024-11-11T13:02:24.344Z|0x3da0|Prepare: number of updated asset objects reloaded= 0
2024-11-11T13:02:24.347Z|0x3da0|AssetImportParameters requested are different than current active one (requested -> active):
2024-11-11T13:02:24.347Z|0x3da0|  custom:container-demuxer-ogg: 62fdf1f143b41e24485cea50d1cbac27 -> 
2024-11-11T13:02:24.347Z|0x3da0|  custom:framework-win-MediaFoundation: 216162199b28c13a410421893ffa2e32 -> 
2024-11-11T13:02:24.347Z|0x3da0|  custom:container-muxer-webm: aa71ff27fc2769a1b78a27578f13a17b -> 
2024-11-11T13:02:24.347Z|0x3da0|  custom:video-decoder-webm-vp8: 9c59270c3fd7afecdb556c50c9e8de78 -> 
2024-11-11T13:02:24.347Z|0x3da0|  custom:SearchIndexIgnoredProperties: e643bd26f0fe6173181afceb89e7c659 -> 
2024-11-11T13:02:24.347Z|0x3da0|  custom:AudioImporter_EditorPlatform: d09bf68614088b80899f8185d706f6e7 -> 
2024-11-11T13:02:24.347Z|0x3da0|  custom:audio-decoder-ogg-vorbis: bf7c407c2cedff20999df2af8eb42d56 -> 
2024-11-11T13:02:24.347Z|0x3da0|  custom:audio-encoder-webm-vorbis: bf7c407c2cedff20999df2af8eb42d56 -> 
2024-11-11T13:02:24.347Z|0x3da0|  custom:video-codec-MediaFoundation-h265: 746d11721c4dcdbdad8f713fa42b33f4 -> 
2024-11-11T13:02:24.347Z|0x3da0|  custom:video-decoder-ogg-theora: a1e56fd34408186e4bbccfd4996cb3dc -> 
2024-11-11T13:02:24.347Z|0x3da0|  custom:CustomObjectIndexerAttribute: 72b91833f83ae208fae7752999fa3104 -> 
2024-11-11T13:02:24.347Z|0x3da0|  custom:container-demuxer-webm: 4f35f7cbe854078d1ac9338744f61a02 -> 
2024-11-11T13:02:24.347Z|0x3da0|  custom:video-encoder-webm-vp8: eb34c28f22e8b96e1ab97ce403110664 -> 
