
=== Wed Dec 27 14:11:43 2023

Packages were changed.
Update Mode: mergeDefaultDependencies

The following packages were added:
  com.unity.modules.ai@1.0.0
  com.unity.modules.androidjni@1.0.0
  com.unity.modules.animation@1.0.0
  com.unity.modules.assetbundle@1.0.0
  com.unity.modules.audio@1.0.0
  com.unity.modules.cloth@1.0.0
  com.unity.modules.director@1.0.0
  com.unity.modules.imageconversion@1.0.0
  com.unity.modules.imgui@1.0.0
  com.unity.modules.jsonserialize@1.0.0
  com.unity.modules.particlesystem@1.0.0
  com.unity.modules.physics@1.0.0
  com.unity.modules.physics2d@1.0.0
  com.unity.modules.screencapture@1.0.0
  com.unity.modules.terrain@1.0.0
  com.unity.modules.terrainphysics@1.0.0
  com.unity.modules.tilemap@1.0.0
  com.unity.modules.ui@1.0.0
  com.unity.modules.uielements@1.0.0
  com.unity.modules.umbra@1.0.0
  com.unity.modules.unityanalytics@1.0.0
  com.unity.modules.unitywebrequest@1.0.0
  com.unity.modules.unitywebrequestassetbundle@1.0.0
  com.unity.modules.unitywebrequestaudio@1.0.0
  com.unity.modules.unitywebrequesttexture@1.0.0
  com.unity.modules.unitywebrequestwww@1.0.0
  com.unity.modules.vehicles@1.0.0
  com.unity.modules.video@1.0.0
  com.unity.modules.vr@1.0.0
  com.unity.modules.wind@1.0.0
  com.unity.modules.xr@1.0.0
The following packages were updated:
  com.unity.collab-proxy from version 1.17.2 to 2.2.0
  com.unity.ide.rider from version 3.0.15 to 3.0.27
  com.unity.ide.visualstudio from version 2.0.16 to 2.0.22
  com.unity.render-pipelines.universal from version 14.0.3 to 14.0.9
  com.unity.timeline from version 1.7.1 to 1.7.6
  com.unity.visualscripting from version 1.7.8 to 1.9.1

=== Wed Dec 27 14:35:58 2023

Packages were changed.
Update Mode: updateDependencies

The following packages were updated:
  com.unity.render-pipelines.universal from version 12.1.12 to 14.0.9

=== Fri Apr 26 14:08:44 2024

Packages were changed.
Update Mode: updateDependencies

The following packages were updated:
  com.unity.collab-proxy from version 2.2.0 to 2.3.1
  com.unity.ide.rider from version 3.0.27 to 3.0.28
  com.unity.purchasing from version 4.10.0 to 4.11.0
  com.unity.render-pipelines.universal from version 14.0.9 to 14.0.10
  com.unity.visualscripting from version 1.9.1 to 1.9.2

=== Mon Nov 11 16:15:39 2024

Packages were changed.
Update Mode: updateDependencies

The following packages were updated:
  com.unity.cinemachine from version 2.9.7 to 2.10.1
  com.unity.collab-proxy from version 2.3.1 to 2.5.2
  com.unity.ide.rider from version 3.0.28 to 3.0.31
  com.unity.render-pipelines.universal from version 14.0.10 to 14.0.11
  com.unity.textmeshpro from version 3.0.6 to 3.0.7
  com.unity.visualscripting from version 1.9.2 to 1.9.4

=== Fri Nov 29 16:10:31 2024

Packages were changed.
Update Mode: updateDependencies

The following packages were added:
  com.unity.modules.accessibility@1.0.0
  com.unity.multiplayer.center@1.0.0
The following packages were updated:
  com.unity.cinemachine from version 2.10.1 to 2.10.3
  com.unity.purchasing from version 4.11.0 to 4.12.2
  com.unity.render-pipelines.universal from version 14.0.11 to 17.0.3
  com.unity.test-framework from version 1.1.33 to 1.4.5
  com.unity.timeline from version 1.7.6 to 1.8.7
  com.unity.ugui from version 1.0.0 to 2.0.0
  com.unity.visualscripting from version 1.9.4 to 1.9.5
The following packages were removed:
  com.unity.textmeshpro@3.0.7
